c:\users\bill\source\repos\mazesover3.0\debug\vc141.pdb
c:\users\bill\source\repos\mazesover3.0\debug\vc141.idb
c:\users\bill\source\repos\mazesover3.0\debug\easybmp.nativecodeanalysis.xml
c:\users\bill\source\repos\mazesover3.0\debug\filename.nativecodeanalysis.xml
c:\users\bill\source\repos\mazesover3.0\debug\main.nativecodeanalysis.xml
c:\users\bill\source\repos\mazesover3.0\debug\node.nativecodeanalysis.xml
c:\users\bill\source\repos\mazesover3.0\debug\solver.nativecodeanalysis.xml
c:\users\bill\source\repos\mazesover3.0\debug\solver.obj
c:\users\bill\source\repos\mazesover3.0\debug\node.obj
c:\users\bill\source\repos\mazesover3.0\debug\main.obj
c:\users\bill\source\repos\mazesover3.0\debug\filename.obj
c:\users\bill\source\repos\mazesover3.0\debug\easybmp.obj
c:\users\bill\source\repos\mazesover3.0\debug\mazesovler4.0.ilk
c:\users\bill\source\repos\mazesover3.0\debug\mazesovler4.0.exe
c:\users\bill\source\repos\mazesover3.0\debug\mazesovler4.0.pdb
c:\users\bill\source\repos\mazesover3.0\debug\nativecodeanalysis.read.1.tlog
c:\users\bill\source\repos\mazesover3.0\debug\vc.nativecodeanalysis.all.xml
c:\users\bill\source\repos\mazesover3.0\debug\mazesovler4.0.exe.lastcodeanalysissucceeded
c:\users\bill\source\repos\mazesover3.0\debug\mazesovler4.0.tlog\cl.command.1.tlog
c:\users\bill\source\repos\mazesover3.0\debug\mazesovler4.0.tlog\cl.read.1.tlog
c:\users\bill\source\repos\mazesover3.0\debug\mazesovler4.0.tlog\cl.write.1.tlog
c:\users\bill\source\repos\mazesover3.0\debug\mazesovler4.0.tlog\link.command.1.tlog
c:\users\bill\source\repos\mazesover3.0\debug\mazesovler4.0.tlog\link.read.1.tlog
c:\users\bill\source\repos\mazesover3.0\debug\mazesovler4.0.tlog\link.write.1.tlog
