  Solver.cpp
Solver.cpp(5): warning C4018: '<': signed/unsigned mismatch
Solver.cpp(8): warning C4018: '<': signed/unsigned mismatch
Solver.cpp(13): warning C4018: '<': signed/unsigned mismatch
Solver.cpp(14): warning C4018: '<': signed/unsigned mismatch
  Node.cpp
  Main.cpp
Main.cpp(7): warning C4018: '<': signed/unsigned mismatch
  FileName.cpp
  EasyBMP.cpp
easybmp\EasyBMP.cpp(985): warning C4101: 'ZeroWORD': unreferenced local variable
  Compiling...
  Generating Code...
  MazeSovler4.0.vcxproj -> C:\Users\bill\Source\Repos\mazeSover3.0\Debug\MazeSovler4.0.exe
  MazeSovler4.0.vcxproj -> C:\Users\bill\Source\Repos\mazeSover3.0\Debug\MazeSovler4.0.pdb (Partial PDB)
c:\users\bill\source\repos\mazesover3.0\easybmp\easybmp_datastructures.h(24): warning C26497: This function Square could be marked constexpr if compile-time evaluation is desired. (f.4: https://go.microsoft.com/fwlink/p/?LinkID=784970)
c:\users\bill\source\repos\mazesover3.0\easybmp\easybmp_datastructures.h(26): warning C26497: This function IntSquare could be marked constexpr if compile-time evaluation is desired. (f.4: https://go.microsoft.com/fwlink/p/?LinkID=784970)
c:\users\bill\source\repos\mazesover3.0\easybmp\easybmp_datastructures.h(42): warning C26496: Variable 'word' is assigned only once, mark it as const. (con.4: https://go.microsoft.com/fwlink/p/?LinkID=784969)
c:\users\bill\source\repos\mazesover3.0\easybmp\easybmp_datastructures.h(43): warning C26493: Don't use C-style casts that would perform a static_cast downcast, const_cast, or reinterpret_cast. (type.4: http://go.microsoft.com/fwlink/p/?LinkID=620420)
c:\users\bill\source\repos\mazesover3.0\easybmp\easybmp.cpp(29): warning C26497: This function GetEasyBMPwarningState could be marked constexpr if compile-time evaluation is desired. (f.4: https://go.microsoft.com/fwlink/p/?LinkID=784970)
c:\users\bill\source\repos\mazesover3.0\easybmp\easybmp.cpp(33): warning C26497: This function IntPow could be marked constexpr if compile-time evaluation is desired. (f.4: https://go.microsoft.com/fwlink/p/?LinkID=784970)
c:\users\bill\source\repos\mazesover3.0\easybmp\easybmp.cpp(34): warning C26494: Variable 'i' is uninitialized. Always initialize an object. (type.5: http://go.microsoft.com/fwlink/p/?LinkID=620421)
c:\users\bill\source\repos\mazesover3.0\easybmp\easybmp.cpp(42): warning C26495: Variable 'BMFH::bfSize' is uninitialized. Always initialize a member variable. (type.6: http://go.microsoft.com/fwlink/p/?LinkID=620422)
c:\users\bill\source\repos\mazesover3.0\easybmp\easybmp.cpp(57): warning C26495: Variable 'BMIH::biSize' is uninitialized. Always initialize a member variable. (type.6: http://go.microsoft.com/fwlink/p/?LinkID=620422)
c:\users\bill\source\repos\mazesover3.0\easybmp\easybmp.cpp(133): warning C26481: Don't use pointer arithmetic. Use span instead. (bounds.1: http://go.microsoft.com/fwlink/p/?LinkID=620413)
c:\users\bill\source\repos\mazesover3.0\easybmp\easybmp.cpp(137): warning C26481: Don't use pointer arithmetic. Use span instead. (bounds.1: http://go.microsoft.com/fwlink/p/?LinkID=620413)
c:\users\bill\source\repos\mazesover3.0\easybmp\easybmp.cpp(170): warning C26481: Don't use pointer arithmetic. Use span instead. (bounds.1: http://go.microsoft.com/fwlink/p/?LinkID=620413)
c:\users\bill\source\repos\mazesover3.0\easybmp\easybmp.cpp(209): warning C26481: Don't use pointer arithmetic. Use span instead. (bounds.1: http://go.microsoft.com/fwlink/p/?LinkID=620413)
c:\users\bill\source\repos\mazesover3.0\easybmp\easybmp.cpp(218): warning C26481: Don't use pointer arithmetic. Use span instead. (bounds.1: http://go.microsoft.com/fwlink/p/?LinkID=620413)
c:\users\bill\source\repos\mazesover3.0\easybmp\easybmp.cpp(238): warning C26481: Don't use pointer arithmetic. Use span instead. (bounds.1: http://go.microsoft.com/fwlink/p/?LinkID=620413)
c:\users\bill\source\repos\mazesover3.0\easybmp\easybmp.cpp(272): warning C26481: Don't use pointer arithmetic. Use span instead. (bounds.1: http://go.microsoft.com/fwlink/p/?LinkID=620413)
c:\users\bill\source\repos\mazesover3.0\easybmp\easybmp.cpp(281): warning C26481: Don't use pointer arithmetic. Use span instead. (bounds.1: http://go.microsoft.com/fwlink/p/?LinkID=620413)
c:\users\bill\source\repos\mazesover3.0\easybmp\easybmp.cpp(320): warning C26481: Don't use pointer arithmetic. Use span instead. (bounds.1: http://go.microsoft.com/fwlink/p/?LinkID=620413)
c:\users\bill\source\repos\mazesover3.0\easybmp\easybmp.cpp(358): warning C26496: Variable 'NumberOfColors' is assigned only once, mark it as const. (con.4: https://go.microsoft.com/fwlink/p/?LinkID=784969)
c:\users\bill\source\repos\mazesover3.0\easybmp\easybmp.cpp(384): warning C26494: Variable 'j' is uninitialized. Always initialize an object. (type.5: http://go.microsoft.com/fwlink/p/?LinkID=620421)
c:\users\bill\source\repos\mazesover3.0\easybmp\easybmp.cpp(387): warning C26481: Don't use pointer arithmetic. Use span instead. (bounds.1: http://go.microsoft.com/fwlink/p/?LinkID=620413)
c:\users\bill\source\repos\mazesover3.0\easybmp\easybmp.cpp(396): warning C26481: Don't use pointer arithmetic. Use span instead. (bounds.1: http://go.microsoft.com/fwlink/p/?LinkID=620413)
c:\users\bill\source\repos\mazesover3.0\easybmp\easybmp.cpp(401): warning C26481: Don't use pointer arithmetic. Use span instead. (bounds.1: http://go.microsoft.com/fwlink/p/?LinkID=620413)
c:\users\bill\source\repos\mazesover3.0\easybmp\easybmp.cpp(402): warning C26481: Don't use pointer arithmetic. Use span instead. (bounds.1: http://go.microsoft.com/fwlink/p/?LinkID=620413)
c:\users\bill\source\repos\mazesover3.0\easybmp\easybmp.cpp(403): warning C26481: Don't use pointer arithmetic. Use span instead. (bounds.1: http://go.microsoft.com/fwlink/p/?LinkID=620413)
c:\users\bill\source\repos\mazesover3.0\easybmp\easybmp.cpp(404): warning C26481: Don't use pointer arithmetic. Use span instead. (bounds.1: http://go.microsoft.com/fwlink/p/?LinkID=620413)
c:\users\bill\source\repos\mazesover3.0\easybmp\easybmp.cpp(654): warning C6001: Using uninitialized memory 'TempBYTE'.
c:\users\bill\source\repos\mazesover3.0\easybmp\easybmp.cpp(611): warning C6001: Using uninitialized memory 'ZeroWORD'.
c:\users\bill\source\repos\mazesover3.0\easybmp\easybmp.cpp(625): warning C26496: Variable 'DataBytes' is assigned only once, mark it as const. (con.4: https://go.microsoft.com/fwlink/p/?LinkID=784969)
c:\users\bill\source\repos\mazesover3.0\easybmp\easybmp.cpp(626): warning C26496: Variable 'PaddingBytes' is assigned only once, mark it as const. (con.4: https://go.microsoft.com/fwlink/p/?LinkID=784969)
c:\users\bill\source\repos\mazesover3.0\easybmp\easybmp.cpp(581): warning C26496: Variable 'BytesWritten' is assigned only once, mark it as const. (con.4: https://go.microsoft.com/fwlink/p/?LinkID=784969)
c:\users\bill\source\repos\mazesover3.0\easybmp\easybmp.cpp(528): warning C26496: Variable 'NumberOfColors' is assigned only once, mark it as const. (con.4: https://go.microsoft.com/fwlink/p/?LinkID=784969)
c:\users\bill\source\repos\mazesover3.0\easybmp\easybmp.cpp(447): warning C26496: Variable 'dActualBytesPerRow' is assigned only once, mark it as const. (con.4: https://go.microsoft.com/fwlink/p/?LinkID=784969)
c:\users\bill\source\repos\mazesover3.0\easybmp\easybmp.cpp(438): warning C26496: Variable 'dBytesPerPixel' is assigned only once, mark it as const. (con.4: https://go.microsoft.com/fwlink/p/?LinkID=784969)
c:\users\bill\source\repos\mazesover3.0\easybmp\easybmp.cpp(442): warning C26493: Don't use C-style casts that would perform a static_cast downcast, const_cast, or reinterpret_cast. (type.4: http://go.microsoft.com/fwlink/p/?LinkID=620420)
c:\users\bill\source\repos\mazesover3.0\easybmp\easybmp.cpp(466): warning C26493: Don't use C-style casts that would perform a static_cast downcast, const_cast, or reinterpret_cast. (type.4: http://go.microsoft.com/fwlink/p/?LinkID=620420)
c:\users\bill\source\repos\mazesover3.0\easybmp\easybmp.cpp(469): warning C26493: Don't use C-style casts that would perform a static_cast downcast, const_cast, or reinterpret_cast. (type.4: http://go.microsoft.com/fwlink/p/?LinkID=620420)
c:\users\bill\source\repos\mazesover3.0\easybmp\easybmp.cpp(475): warning C26493: Don't use C-style casts that would perform a static_cast downcast, const_cast, or reinterpret_cast. (type.4: http://go.microsoft.com/fwlink/p/?LinkID=620420)
c:\users\bill\source\repos\mazesover3.0\easybmp\easybmp.cpp(476): warning C26493: Don't use C-style casts that would perform a static_cast downcast, const_cast, or reinterpret_cast. (type.4: http://go.microsoft.com/fwlink/p/?LinkID=620420)
c:\users\bill\source\repos\mazesover3.0\easybmp\easybmp.cpp(477): warning C26493: Don't use C-style casts that would perform a static_cast downcast, const_cast, or reinterpret_cast. (type.4: http://go.microsoft.com/fwlink/p/?LinkID=620420)
c:\users\bill\source\repos\mazesover3.0\easybmp\easybmp.cpp(478): warning C26493: Don't use C-style casts that would perform a static_cast downcast, const_cast, or reinterpret_cast. (type.4: http://go.microsoft.com/fwlink/p/?LinkID=620420)
c:\users\bill\source\repos\mazesover3.0\easybmp\easybmp.cpp(479): warning C26493: Don't use C-style casts that would perform a static_cast downcast, const_cast, or reinterpret_cast. (type.4: http://go.microsoft.com/fwlink/p/?LinkID=620420)
c:\users\bill\source\repos\mazesover3.0\easybmp\easybmp.cpp(490): warning C26493: Don't use C-style casts that would perform a static_cast downcast, const_cast, or reinterpret_cast. (type.4: http://go.microsoft.com/fwlink/p/?LinkID=620420)
c:\users\bill\source\repos\mazesover3.0\easybmp\easybmp.cpp(514): warning C26493: Don't use C-style casts that would perform a static_cast downcast, const_cast, or reinterpret_cast. (type.4: http://go.microsoft.com/fwlink/p/?LinkID=620420)
c:\users\bill\source\repos\mazesover3.0\easybmp\easybmp.cpp(515): warning C26493: Don't use C-style casts that would perform a static_cast downcast, const_cast, or reinterpret_cast. (type.4: http://go.microsoft.com/fwlink/p/?LinkID=620420)
c:\users\bill\source\repos\mazesover3.0\easybmp\easybmp.cpp(516): warning C26493: Don't use C-style casts that would perform a static_cast downcast, const_cast, or reinterpret_cast. (type.4: http://go.microsoft.com/fwlink/p/?LinkID=620420)
c:\users\bill\source\repos\mazesover3.0\easybmp\easybmp.cpp(517): warning C26493: Don't use C-style casts that would perform a static_cast downcast, const_cast, or reinterpret_cast. (type.4: http://go.microsoft.com/fwlink/p/?LinkID=620420)
c:\users\bill\source\repos\mazesover3.0\easybmp\easybmp.cpp(518): warning C26493: Don't use C-style casts that would perform a static_cast downcast, const_cast, or reinterpret_cast. (type.4: http://go.microsoft.com/fwlink/p/?LinkID=620420)
c:\users\bill\source\repos\mazesover3.0\easybmp\easybmp.cpp(519): warning C26493: Don't use C-style casts that would perform a static_cast downcast, const_cast, or reinterpret_cast. (type.4: http://go.microsoft.com/fwlink/p/?LinkID=620420)
c:\users\bill\source\repos\mazesover3.0\easybmp\easybmp.cpp(520): warning C26493: Don't use C-style casts that would perform a static_cast downcast, const_cast, or reinterpret_cast. (type.4: http://go.microsoft.com/fwlink/p/?LinkID=620420)
c:\users\bill\source\repos\mazesover3.0\easybmp\easybmp.cpp(521): warning C26493: Don't use C-style casts that would perform a static_cast downcast, const_cast, or reinterpret_cast. (type.4: http://go.microsoft.com/fwlink/p/?LinkID=620420)
c:\users\bill\source\repos\mazesover3.0\easybmp\easybmp.cpp(522): warning C26493: Don't use C-style casts that would perform a static_cast downcast, const_cast, or reinterpret_cast. (type.4: http://go.microsoft.com/fwlink/p/?LinkID=620420)
c:\users\bill\source\repos\mazesover3.0\easybmp\easybmp.cpp(523): warning C26493: Don't use C-style casts that would perform a static_cast downcast, const_cast, or reinterpret_cast. (type.4: http://go.microsoft.com/fwlink/p/?LinkID=620420)
c:\users\bill\source\repos\mazesover3.0\easybmp\easybmp.cpp(524): warning C26493: Don't use C-style casts that would perform a static_cast downcast, const_cast, or reinterpret_cast. (type.4: http://go.microsoft.com/fwlink/p/?LinkID=620420)
c:\users\bill\source\repos\mazesover3.0\easybmp\easybmp.cpp(540): warning C26493: Don't use C-style casts that would perform a static_cast downcast, const_cast, or reinterpret_cast. (type.4: http://go.microsoft.com/fwlink/p/?LinkID=620420)
c:\users\bill\source\repos\mazesover3.0\easybmp\easybmp.cpp(545): warning C26494: Variable 'i' is uninitialized. Always initialize an object. (type.5: http://go.microsoft.com/fwlink/p/?LinkID=620421)
c:\users\bill\source\repos\mazesover3.0\easybmp\easybmp.cpp(545): warning C26494: Variable 'j' is uninitialized. Always initialize an object. (type.5: http://go.microsoft.com/fwlink/p/?LinkID=620421)
c:\users\bill\source\repos\mazesover3.0\easybmp\easybmp.cpp(548): warning C26493: Don't use C-style casts that would perform a static_cast downcast, const_cast, or reinterpret_cast. (type.4: http://go.microsoft.com/fwlink/p/?LinkID=620420)
c:\users\bill\source\repos\mazesover3.0\easybmp\easybmp.cpp(547): warning C26494: Variable 'Buffer' is uninitialized. Always initialize an object. (type.5: http://go.microsoft.com/fwlink/p/?LinkID=620421)
c:\users\bill\source\repos\mazesover3.0\easybmp\easybmp.cpp(581): warning C26493: Don't use C-style casts that would perform a static_cast downcast, const_cast, or reinterpret_cast. (type.4: http://go.microsoft.com/fwlink/p/?LinkID=620420)
c:\users\bill\source\repos\mazesover3.0\easybmp\easybmp.cpp(581): warning C26493: Don't use C-style casts that would perform a static_cast downcast, const_cast, or reinterpret_cast. (type.4: http://go.microsoft.com/fwlink/p/?LinkID=620420)
c:\users\bill\source\repos\mazesover3.0\easybmp\easybmp.cpp(605): warning C26494: Variable 'ZeroWORD' is uninitialized. Always initialize an object. (type.5: http://go.microsoft.com/fwlink/p/?LinkID=620421)
c:\users\bill\source\repos\mazesover3.0\easybmp\easybmp.cpp(610): warning C26493: Don't use C-style casts that would perform a static_cast downcast, const_cast, or reinterpret_cast. (type.4: http://go.microsoft.com/fwlink/p/?LinkID=620420)
c:\users\bill\source\repos\mazesover3.0\easybmp\easybmp.cpp(611): warning C26493: Don't use C-style casts that would perform a static_cast downcast, const_cast, or reinterpret_cast. (type.4: http://go.microsoft.com/fwlink/p/?LinkID=620420)
c:\users\bill\source\repos\mazesover3.0\easybmp\easybmp.cpp(616): warning C26493: Don't use C-style casts that would perform a static_cast downcast, const_cast, or reinterpret_cast. (type.4: http://go.microsoft.com/fwlink/p/?LinkID=620420)
c:\users\bill\source\repos\mazesover3.0\easybmp\easybmp.cpp(617): warning C26493: Don't use C-style casts that would perform a static_cast downcast, const_cast, or reinterpret_cast. (type.4: http://go.microsoft.com/fwlink/p/?LinkID=620420)
c:\users\bill\source\repos\mazesover3.0\easybmp\easybmp.cpp(622): warning C26493: Don't use C-style casts that would perform a static_cast downcast, const_cast, or reinterpret_cast. (type.4: http://go.microsoft.com/fwlink/p/?LinkID=620420)
c:\users\bill\source\repos\mazesover3.0\easybmp\easybmp.cpp(623): warning C26493: Don't use C-style casts that would perform a static_cast downcast, const_cast, or reinterpret_cast. (type.4: http://go.microsoft.com/fwlink/p/?LinkID=620420)
c:\users\bill\source\repos\mazesover3.0\easybmp\easybmp.cpp(637): warning C26493: Don't use C-style casts that would perform a static_cast downcast, const_cast, or reinterpret_cast. (type.4: http://go.microsoft.com/fwlink/p/?LinkID=620420)
c:\users\bill\source\repos\mazesover3.0\easybmp\easybmp.cpp(635): warning C26494: Variable 'TempWORD' is uninitialized. Always initialize an object. (type.5: http://go.microsoft.com/fwlink/p/?LinkID=620421)
c:\users\bill\source\repos\mazesover3.0\easybmp\easybmp.cpp(638): warning C26493: Don't use C-style casts that would perform a static_cast downcast, const_cast, or reinterpret_cast. (type.4: http://go.microsoft.com/fwlink/p/?LinkID=620420)
c:\users\bill\source\repos\mazesover3.0\easybmp\easybmp.cpp(639): warning C26493: Don't use C-style casts that would perform a static_cast downcast, const_cast, or reinterpret_cast. (type.4: http://go.microsoft.com/fwlink/p/?LinkID=620420)
c:\users\bill\source\repos\mazesover3.0\easybmp\easybmp.cpp(646): warning C26493: Don't use C-style casts that would perform a static_cast downcast, const_cast, or reinterpret_cast. (type.4: http://go.microsoft.com/fwlink/p/?LinkID=620420)
c:\users\bill\source\repos\mazesover3.0\easybmp\easybmp.cpp(654): warning C26493: Don't use C-style casts that would perform a static_cast downcast, const_cast, or reinterpret_cast. (type.4: http://go.microsoft.com/fwlink/p/?LinkID=620420)
c:\users\bill\source\repos\mazesover3.0\easybmp\easybmp.cpp(540): warning C26481: Don't use pointer arithmetic. Use span instead. (bounds.1: http://go.microsoft.com/fwlink/p/?LinkID=620413)
c:\users\bill\source\repos\mazesover3.0\easybmp\easybmp.cpp(558): warning C26481: Don't use pointer arithmetic. Use span instead. (bounds.1: http://go.microsoft.com/fwlink/p/?LinkID=620413)
c:\users\bill\source\repos\mazesover3.0\easybmp\easybmp.cpp(637): warning C26481: Don't use pointer arithmetic. Use span instead. (bounds.1: http://go.microsoft.com/fwlink/p/?LinkID=620413)
c:\users\bill\source\repos\mazesover3.0\easybmp\easybmp.cpp(638): warning C26481: Don't use pointer arithmetic. Use span instead. (bounds.1: http://go.microsoft.com/fwlink/p/?LinkID=620413)
c:\users\bill\source\repos\mazesover3.0\easybmp\easybmp.cpp(639): warning C26481: Don't use pointer arithmetic. Use span instead. (bounds.1: http://go.microsoft.com/fwlink/p/?LinkID=620413)
c:\users\bill\source\repos\mazesover3.0\easybmp\easybmp.cpp(970): warning C26496: Variable 'PaddingBytes' is assigned only once, mark it as const. (con.4: https://go.microsoft.com/fwlink/p/?LinkID=784969)
c:\users\bill\source\repos\mazesover3.0\easybmp\easybmp.cpp(969): warning C26496: Variable 'DataBytes' is assigned only once, mark it as const. (con.4: https://go.microsoft.com/fwlink/p/?LinkID=784969)
c:\users\bill\source\repos\mazesover3.0\easybmp\easybmp.cpp(932): warning C26496: Variable 'BytesRead' is assigned only once, mark it as const. (con.4: https://go.microsoft.com/fwlink/p/?LinkID=784969)
c:\users\bill\source\repos\mazesover3.0\easybmp\easybmp.cpp(846): warning C26496: Variable 'dBytesPerPixel' is assigned only once, mark it as const. (con.4: https://go.microsoft.com/fwlink/p/?LinkID=784969)
c:\users\bill\source\repos\mazesover3.0\easybmp\easybmp.cpp(816): warning C26496: Variable 'TempBitDepth' is assigned only once, mark it as const. (con.4: https://go.microsoft.com/fwlink/p/?LinkID=784969)
c:\users\bill\source\repos\mazesover3.0\easybmp\easybmp.cpp(695): warning C26493: Don't use C-style casts that would perform a static_cast downcast, const_cast, or reinterpret_cast. (type.4: http://go.microsoft.com/fwlink/p/?LinkID=620420)
c:\users\bill\source\repos\mazesover3.0\easybmp\easybmp.cpp(715): warning C26493: Don't use C-style casts that would perform a static_cast downcast, const_cast, or reinterpret_cast. (type.4: http://go.microsoft.com/fwlink/p/?LinkID=620420)
c:\users\bill\source\repos\mazesover3.0\easybmp\easybmp.cpp(717): warning C26493: Don't use C-style casts that would perform a static_cast downcast, const_cast, or reinterpret_cast. (type.4: http://go.microsoft.com/fwlink/p/?LinkID=620420)
c:\users\bill\source\repos\mazesover3.0\easybmp\easybmp.cpp(719): warning C26493: Don't use C-style casts that would perform a static_cast downcast, const_cast, or reinterpret_cast. (type.4: http://go.microsoft.com/fwlink/p/?LinkID=620420)
c:\users\bill\source\repos\mazesover3.0\easybmp\easybmp.cpp(720): warning C26493: Don't use C-style casts that would perform a static_cast downcast, const_cast, or reinterpret_cast. (type.4: http://go.microsoft.com/fwlink/p/?LinkID=620420)
c:\users\bill\source\repos\mazesover3.0\easybmp\easybmp.cpp(730): warning C26493: Don't use C-style casts that would perform a static_cast downcast, const_cast, or reinterpret_cast. (type.4: http://go.microsoft.com/fwlink/p/?LinkID=620420)
c:\users\bill\source\repos\mazesover3.0\easybmp\easybmp.cpp(731): warning C26493: Don't use C-style casts that would perform a static_cast downcast, const_cast, or reinterpret_cast. (type.4: http://go.microsoft.com/fwlink/p/?LinkID=620420)
c:\users\bill\source\repos\mazesover3.0\easybmp\easybmp.cpp(732): warning C26493: Don't use C-style casts that would perform a static_cast downcast, const_cast, or reinterpret_cast. (type.4: http://go.microsoft.com/fwlink/p/?LinkID=620420)
c:\users\bill\source\repos\mazesover3.0\easybmp\easybmp.cpp(733): warning C26493: Don't use C-style casts that would perform a static_cast downcast, const_cast, or reinterpret_cast. (type.4: http://go.microsoft.com/fwlink/p/?LinkID=620420)
c:\users\bill\source\repos\mazesover3.0\easybmp\easybmp.cpp(734): warning C26493: Don't use C-style casts that would perform a static_cast downcast, const_cast, or reinterpret_cast. (type.4: http://go.microsoft.com/fwlink/p/?LinkID=620420)
c:\users\bill\source\repos\mazesover3.0\easybmp\easybmp.cpp(737): warning C26493: Don't use C-style casts that would perform a static_cast downcast, const_cast, or reinterpret_cast. (type.4: http://go.microsoft.com/fwlink/p/?LinkID=620420)
c:\users\bill\source\repos\mazesover3.0\easybmp\easybmp.cpp(739): warning C26493: Don't use C-style casts that would perform a static_cast downcast, const_cast, or reinterpret_cast. (type.4: http://go.microsoft.com/fwlink/p/?LinkID=620420)
c:\users\bill\source\repos\mazesover3.0\easybmp\easybmp.cpp(741): warning C26493: Don't use C-style casts that would perform a static_cast downcast, const_cast, or reinterpret_cast. (type.4: http://go.microsoft.com/fwlink/p/?LinkID=620420)
c:\users\bill\source\repos\mazesover3.0\easybmp\easybmp.cpp(743): warning C26493: Don't use C-style casts that would perform a static_cast downcast, const_cast, or reinterpret_cast. (type.4: http://go.microsoft.com/fwlink/p/?LinkID=620420)
c:\users\bill\source\repos\mazesover3.0\easybmp\easybmp.cpp(744): warning C26493: Don't use C-style casts that would perform a static_cast downcast, const_cast, or reinterpret_cast. (type.4: http://go.microsoft.com/fwlink/p/?LinkID=620420)
c:\users\bill\source\repos\mazesover3.0\easybmp\easybmp.cpp(746): warning C26493: Don't use C-style casts that would perform a static_cast downcast, const_cast, or reinterpret_cast. (type.4: http://go.microsoft.com/fwlink/p/?LinkID=620420)
c:\users\bill\source\repos\mazesover3.0\easybmp\easybmp.cpp(816): warning C26493: Don't use C-style casts that would perform a static_cast downcast, const_cast, or reinterpret_cast. (type.4: http://go.microsoft.com/fwlink/p/?LinkID=620420)
c:\users\bill\source\repos\mazesover3.0\easybmp\easybmp.cpp(828): warning C26493: Don't use C-style casts that would perform a static_cast downcast, const_cast, or reinterpret_cast. (type.4: http://go.microsoft.com/fwlink/p/?LinkID=620420)
c:\users\bill\source\repos\mazesover3.0\easybmp\easybmp.cpp(832): warning C26493: Don't use C-style casts that would perform a static_cast downcast, const_cast, or reinterpret_cast. (type.4: http://go.microsoft.com/fwlink/p/?LinkID=620420)
c:\users\bill\source\repos\mazesover3.0\easybmp\easybmp.cpp(832): warning C26493: Don't use C-style casts that would perform a static_cast downcast, const_cast, or reinterpret_cast. (type.4: http://go.microsoft.com/fwlink/p/?LinkID=620420)
c:\users\bill\source\repos\mazesover3.0\easybmp\easybmp.cpp(842): warning C26493: Don't use C-style casts that would perform a static_cast downcast, const_cast, or reinterpret_cast. (type.4: http://go.microsoft.com/fwlink/p/?LinkID=620420)
c:\users\bill\source\repos\mazesover3.0\easybmp\easybmp.cpp(850): warning C26493: Don't use C-style casts that would perform a static_cast downcast, const_cast, or reinterpret_cast. (type.4: http://go.microsoft.com/fwlink/p/?LinkID=620420)
c:\users\bill\source\repos\mazesover3.0\easybmp\easybmp.cpp(861): warning C26493: Don't use C-style casts that would perform a static_cast downcast, const_cast, or reinterpret_cast. (type.4: http://go.microsoft.com/fwlink/p/?LinkID=620420)
c:\users\bill\source\repos\mazesover3.0\easybmp\easybmp.cpp(879): warning C26493: Don't use C-style casts that would perform a static_cast downcast, const_cast, or reinterpret_cast. (type.4: http://go.microsoft.com/fwlink/p/?LinkID=620420)
c:\users\bill\source\repos\mazesover3.0\easybmp\easybmp.cpp(912): warning C26493: Don't use C-style casts that would perform a static_cast downcast, const_cast, or reinterpret_cast. (type.4: http://go.microsoft.com/fwlink/p/?LinkID=620420)
c:\users\bill\source\repos\mazesover3.0\easybmp\easybmp.cpp(919): warning C26494: Variable 'i' is uninitialized. Always initialize an object. (type.5: http://go.microsoft.com/fwlink/p/?LinkID=620421)
c:\users\bill\source\repos\mazesover3.0\easybmp\easybmp.cpp(919): warning C26494: Variable 'j' is uninitialized. Always initialize an object. (type.5: http://go.microsoft.com/fwlink/p/?LinkID=620421)
c:\users\bill\source\repos\mazesover3.0\easybmp\easybmp.cpp(921): warning C26493: Don't use C-style casts that would perform a static_cast downcast, const_cast, or reinterpret_cast. (type.4: http://go.microsoft.com/fwlink/p/?LinkID=620420)
c:\users\bill\source\repos\mazesover3.0\easybmp\easybmp.cpp(932): warning C26493: Don't use C-style casts that would perform a static_cast downcast, const_cast, or reinterpret_cast. (type.4: http://go.microsoft.com/fwlink/p/?LinkID=620420)
c:\users\bill\source\repos\mazesover3.0\easybmp\easybmp.cpp(932): warning C26493: Don't use C-style casts that would perform a static_cast downcast, const_cast, or reinterpret_cast. (type.4: http://go.microsoft.com/fwlink/p/?LinkID=620420)
c:\users\bill\source\repos\mazesover3.0\easybmp\easybmp.cpp(987): warning C26493: Don't use C-style casts that would perform a static_cast downcast, const_cast, or reinterpret_cast. (type.4: http://go.microsoft.com/fwlink/p/?LinkID=620420)
c:\users\bill\source\repos\mazesover3.0\easybmp\easybmp.cpp(984): warning C26494: Variable 'TempMaskWORD' is uninitialized. Always initialize an object. (type.5: http://go.microsoft.com/fwlink/p/?LinkID=620421)
c:\users\bill\source\repos\mazesover3.0\easybmp\easybmp.cpp(985): warning C26494: Variable 'ZeroWORD' is uninitialized. Always initialize an object. (type.5: http://go.microsoft.com/fwlink/p/?LinkID=620421)
c:\users\bill\source\repos\mazesover3.0\easybmp\easybmp.cpp(991): warning C26493: Don't use C-style casts that would perform a static_cast downcast, const_cast, or reinterpret_cast. (type.4: http://go.microsoft.com/fwlink/p/?LinkID=620420)
c:\users\bill\source\repos\mazesover3.0\easybmp\easybmp.cpp(993): warning C26493: Don't use C-style casts that would perform a static_cast downcast, const_cast, or reinterpret_cast. (type.4: http://go.microsoft.com/fwlink/p/?LinkID=620420)
c:\users\bill\source\repos\mazesover3.0\easybmp\easybmp.cpp(997): warning C26493: Don't use C-style casts that would perform a static_cast downcast, const_cast, or reinterpret_cast. (type.4: http://go.microsoft.com/fwlink/p/?LinkID=620420)
c:\users\bill\source\repos\mazesover3.0\easybmp\easybmp.cpp(999): warning C26493: Don't use C-style casts that would perform a static_cast downcast, const_cast, or reinterpret_cast. (type.4: http://go.microsoft.com/fwlink/p/?LinkID=620420)
c:\users\bill\source\repos\mazesover3.0\easybmp\easybmp.cpp(1003): warning C26493: Don't use C-style casts that would perform a static_cast downcast, const_cast, or reinterpret_cast. (type.4: http://go.microsoft.com/fwlink/p/?LinkID=620420)
c:\users\bill\source\repos\mazesover3.0\easybmp\easybmp.cpp(1016): warning C26493: Don't use C-style casts that would perform a static_cast downcast, const_cast, or reinterpret_cast. (type.4: http://go.microsoft.com/fwlink/p/?LinkID=620420)
c:\users\bill\source\repos\mazesover3.0\easybmp\easybmp.cpp(1048): warning C26493: Don't use C-style casts that would perform a static_cast downcast, const_cast, or reinterpret_cast. (type.4: http://go.microsoft.com/fwlink/p/?LinkID=620420)
c:\users\bill\source\repos\mazesover3.0\easybmp\easybmp.cpp(1058): warning C26493: Don't use C-style casts that would perform a static_cast downcast, const_cast, or reinterpret_cast. (type.4: http://go.microsoft.com/fwlink/p/?LinkID=620420)
c:\users\bill\source\repos\mazesover3.0\easybmp\easybmp.cpp(1059): warning C26493: Don't use C-style casts that would perform a static_cast downcast, const_cast, or reinterpret_cast. (type.4: http://go.microsoft.com/fwlink/p/?LinkID=620420)
c:\users\bill\source\repos\mazesover3.0\easybmp\easybmp.cpp(1060): warning C26493: Don't use C-style casts that would perform a static_cast downcast, const_cast, or reinterpret_cast. (type.4: http://go.microsoft.com/fwlink/p/?LinkID=620420)
c:\users\bill\source\repos\mazesover3.0\easybmp\easybmp.cpp(1071): warning C26493: Don't use C-style casts that would perform a static_cast downcast, const_cast, or reinterpret_cast. (type.4: http://go.microsoft.com/fwlink/p/?LinkID=620420)
c:\users\bill\source\repos\mazesover3.0\easybmp\easybmp.cpp(879): warning C26481: Don't use pointer arithmetic. Use span instead. (bounds.1: http://go.microsoft.com/fwlink/p/?LinkID=620413)
c:\users\bill\source\repos\mazesover3.0\easybmp\easybmp.cpp(1062): warning C26481: Don't use pointer arithmetic. Use span instead. (bounds.1: http://go.microsoft.com/fwlink/p/?LinkID=620413)
c:\users\bill\source\repos\mazesover3.0\easybmp\easybmp.cpp(1063): warning C26481: Don't use pointer arithmetic. Use span instead. (bounds.1: http://go.microsoft.com/fwlink/p/?LinkID=620413)
c:\users\bill\source\repos\mazesover3.0\easybmp\easybmp.cpp(1064): warning C26481: Don't use pointer arithmetic. Use span instead. (bounds.1: http://go.microsoft.com/fwlink/p/?LinkID=620413)
c:\users\bill\source\repos\mazesover3.0\easybmp\easybmp.cpp(1107): warning C26494: Variable 'k' is uninitialized. Always initialize an object. (type.5: http://go.microsoft.com/fwlink/p/?LinkID=620421)
c:\users\bill\source\repos\mazesover3.0\easybmp\easybmp.cpp(1107): warning C26494: Variable 'j' is uninitialized. Always initialize an object. (type.5: http://go.microsoft.com/fwlink/p/?LinkID=620421)
c:\users\bill\source\repos\mazesover3.0\easybmp\easybmp.cpp(1147): warning C26494: Variable 'k' is uninitialized. Always initialize an object. (type.5: http://go.microsoft.com/fwlink/p/?LinkID=620421)
c:\users\bill\source\repos\mazesover3.0\easybmp\easybmp.cpp(1147): warning C26494: Variable 'j' is uninitialized. Always initialize an object. (type.5: http://go.microsoft.com/fwlink/p/?LinkID=620421)
c:\users\bill\source\repos\mazesover3.0\easybmp\easybmp.cpp(1097): warning C26481: Don't use pointer arithmetic. Use span instead. (bounds.1: http://go.microsoft.com/fwlink/p/?LinkID=620413)
c:\users\bill\source\repos\mazesover3.0\easybmp\easybmp.cpp(1098): warning C26481: Don't use pointer arithmetic. Use span instead. (bounds.1: http://go.microsoft.com/fwlink/p/?LinkID=620413)
c:\users\bill\source\repos\mazesover3.0\easybmp\easybmp.cpp(1099): warning C26481: Don't use pointer arithmetic. Use span instead. (bounds.1: http://go.microsoft.com/fwlink/p/?LinkID=620413)
c:\users\bill\source\repos\mazesover3.0\easybmp\easybmp.cpp(1100): warning C26481: Don't use pointer arithmetic. Use span instead. (bounds.1: http://go.microsoft.com/fwlink/p/?LinkID=620413)
c:\users\bill\source\repos\mazesover3.0\easybmp\easybmp.cpp(1113): warning C26481: Don't use pointer arithmetic. Use span instead. (bounds.1: http://go.microsoft.com/fwlink/p/?LinkID=620413)
c:\users\bill\source\repos\mazesover3.0\easybmp\easybmp.cpp(1114): warning C26481: Don't use pointer arithmetic. Use span instead. (bounds.1: http://go.microsoft.com/fwlink/p/?LinkID=620413)
c:\users\bill\source\repos\mazesover3.0\easybmp\easybmp.cpp(1115): warning C26481: Don't use pointer arithmetic. Use span instead. (bounds.1: http://go.microsoft.com/fwlink/p/?LinkID=620413)
c:\users\bill\source\repos\mazesover3.0\easybmp\easybmp.cpp(1125): warning C26481: Don't use pointer arithmetic. Use span instead. (bounds.1: http://go.microsoft.com/fwlink/p/?LinkID=620413)
c:\users\bill\source\repos\mazesover3.0\easybmp\easybmp.cpp(1126): warning C26481: Don't use pointer arithmetic. Use span instead. (bounds.1: http://go.microsoft.com/fwlink/p/?LinkID=620413)
c:\users\bill\source\repos\mazesover3.0\easybmp\easybmp.cpp(1127): warning C26481: Don't use pointer arithmetic. Use span instead. (bounds.1: http://go.microsoft.com/fwlink/p/?LinkID=620413)
c:\users\bill\source\repos\mazesover3.0\easybmp\easybmp.cpp(1135): warning C26481: Don't use pointer arithmetic. Use span instead. (bounds.1: http://go.microsoft.com/fwlink/p/?LinkID=620413)
c:\users\bill\source\repos\mazesover3.0\easybmp\easybmp.cpp(1136): warning C26481: Don't use pointer arithmetic. Use span instead. (bounds.1: http://go.microsoft.com/fwlink/p/?LinkID=620413)
c:\users\bill\source\repos\mazesover3.0\easybmp\easybmp.cpp(1137): warning C26481: Don't use pointer arithmetic. Use span instead. (bounds.1: http://go.microsoft.com/fwlink/p/?LinkID=620413)
c:\users\bill\source\repos\mazesover3.0\easybmp\easybmp.cpp(1140): warning C26481: Don't use pointer arithmetic. Use span instead. (bounds.1: http://go.microsoft.com/fwlink/p/?LinkID=620413)
c:\users\bill\source\repos\mazesover3.0\easybmp\easybmp.cpp(1154): warning C26481: Don't use pointer arithmetic. Use span instead. (bounds.1: http://go.microsoft.com/fwlink/p/?LinkID=620413)
c:\users\bill\source\repos\mazesover3.0\easybmp\easybmp.cpp(1155): warning C26481: Don't use pointer arithmetic. Use span instead. (bounds.1: http://go.microsoft.com/fwlink/p/?LinkID=620413)
c:\users\bill\source\repos\mazesover3.0\easybmp\easybmp.cpp(1156): warning C26481: Don't use pointer arithmetic. Use span instead. (bounds.1: http://go.microsoft.com/fwlink/p/?LinkID=620413)
c:\users\bill\source\repos\mazesover3.0\easybmp\easybmp.cpp(1157): warning C26481: Don't use pointer arithmetic. Use span instead. (bounds.1: http://go.microsoft.com/fwlink/p/?LinkID=620413)
c:\users\bill\source\repos\mazesover3.0\easybmp\easybmp.cpp(1168): warning C26481: Don't use pointer arithmetic. Use span instead. (bounds.1: http://go.microsoft.com/fwlink/p/?LinkID=620413)
c:\users\bill\source\repos\mazesover3.0\easybmp\easybmp.cpp(1169): warning C26481: Don't use pointer arithmetic. Use span instead. (bounds.1: http://go.microsoft.com/fwlink/p/?LinkID=620413)
c:\users\bill\source\repos\mazesover3.0\easybmp\easybmp.cpp(1170): warning C26481: Don't use pointer arithmetic. Use span instead. (bounds.1: http://go.microsoft.com/fwlink/p/?LinkID=620413)
c:\users\bill\source\repos\mazesover3.0\easybmp\easybmp.cpp(1178): warning C26481: Don't use pointer arithmetic. Use span instead. (bounds.1: http://go.microsoft.com/fwlink/p/?LinkID=620413)
c:\users\bill\source\repos\mazesover3.0\easybmp\easybmp.cpp(1179): warning C26481: Don't use pointer arithmetic. Use span instead. (bounds.1: http://go.microsoft.com/fwlink/p/?LinkID=620413)
c:\users\bill\source\repos\mazesover3.0\easybmp\easybmp.cpp(1180): warning C26481: Don't use pointer arithmetic. Use span instead. (bounds.1: http://go.microsoft.com/fwlink/p/?LinkID=620413)
c:\users\bill\source\repos\mazesover3.0\easybmp\easybmp.cpp(1182): warning C26481: Don't use pointer arithmetic. Use span instead. (bounds.1: http://go.microsoft.com/fwlink/p/?LinkID=620413)
c:\users\bill\source\repos\mazesover3.0\easybmp\easybmp.cpp(1183): warning C26481: Don't use pointer arithmetic. Use span instead. (bounds.1: http://go.microsoft.com/fwlink/p/?LinkID=620413)
c:\users\bill\source\repos\mazesover3.0\easybmp\easybmp.cpp(1184): warning C26481: Don't use pointer arithmetic. Use span instead. (bounds.1: http://go.microsoft.com/fwlink/p/?LinkID=620413)
c:\users\bill\source\repos\mazesover3.0\easybmp\easybmp.cpp(1186): warning C26481: Don't use pointer arithmetic. Use span instead. (bounds.1: http://go.microsoft.com/fwlink/p/?LinkID=620413)
c:\users\bill\source\repos\mazesover3.0\easybmp\easybmp.cpp(1187): warning C26481: Don't use pointer arithmetic. Use span instead. (bounds.1: http://go.microsoft.com/fwlink/p/?LinkID=620413)
c:\users\bill\source\repos\mazesover3.0\easybmp\easybmp.cpp(1188): warning C26481: Don't use pointer arithmetic. Use span instead. (bounds.1: http://go.microsoft.com/fwlink/p/?LinkID=620413)
c:\users\bill\source\repos\mazesover3.0\easybmp\easybmp.cpp(1192): warning C26481: Don't use pointer arithmetic. Use span instead. (bounds.1: http://go.microsoft.com/fwlink/p/?LinkID=620413)
c:\users\bill\source\repos\mazesover3.0\easybmp\easybmp.cpp(1193): warning C26481: Don't use pointer arithmetic. Use span instead. (bounds.1: http://go.microsoft.com/fwlink/p/?LinkID=620413)
c:\users\bill\source\repos\mazesover3.0\easybmp\easybmp.cpp(1194): warning C26481: Don't use pointer arithmetic. Use span instead. (bounds.1: http://go.microsoft.com/fwlink/p/?LinkID=620413)
c:\users\bill\source\repos\mazesover3.0\easybmp\easybmp.cpp(1196): warning C26481: Don't use pointer arithmetic. Use span instead. (bounds.1: http://go.microsoft.com/fwlink/p/?LinkID=620413)
c:\users\bill\source\repos\mazesover3.0\easybmp\easybmp.cpp(1197): warning C26481: Don't use pointer arithmetic. Use span instead. (bounds.1: http://go.microsoft.com/fwlink/p/?LinkID=620413)
c:\users\bill\source\repos\mazesover3.0\easybmp\easybmp.cpp(1198): warning C26481: Don't use pointer arithmetic. Use span instead. (bounds.1: http://go.microsoft.com/fwlink/p/?LinkID=620413)
c:\users\bill\source\repos\mazesover3.0\easybmp\easybmp.cpp(1200): warning C26481: Don't use pointer arithmetic. Use span instead. (bounds.1: http://go.microsoft.com/fwlink/p/?LinkID=620413)
c:\users\bill\source\repos\mazesover3.0\easybmp\easybmp.cpp(1201): warning C26481: Don't use pointer arithmetic. Use span instead. (bounds.1: http://go.microsoft.com/fwlink/p/?LinkID=620413)
c:\users\bill\source\repos\mazesover3.0\easybmp\easybmp.cpp(1202): warning C26481: Don't use pointer arithmetic. Use span instead. (bounds.1: http://go.microsoft.com/fwlink/p/?LinkID=620413)
c:\users\bill\source\repos\mazesover3.0\easybmp\easybmp.cpp(1204): warning C26481: Don't use pointer arithmetic. Use span instead. (bounds.1: http://go.microsoft.com/fwlink/p/?LinkID=620413)
c:\users\bill\source\repos\mazesover3.0\easybmp\easybmp.cpp(1205): warning C26481: Don't use pointer arithmetic. Use span instead. (bounds.1: http://go.microsoft.com/fwlink/p/?LinkID=620413)
c:\users\bill\source\repos\mazesover3.0\easybmp\easybmp.cpp(1206): warning C26481: Don't use pointer arithmetic. Use span instead. (bounds.1: http://go.microsoft.com/fwlink/p/?LinkID=620413)
c:\users\bill\source\repos\mazesover3.0\easybmp\easybmp.cpp(1208): warning C26481: Don't use pointer arithmetic. Use span instead. (bounds.1: http://go.microsoft.com/fwlink/p/?LinkID=620413)
c:\users\bill\source\repos\mazesover3.0\easybmp\easybmp.cpp(1209): warning C26481: Don't use pointer arithmetic. Use span instead. (bounds.1: http://go.microsoft.com/fwlink/p/?LinkID=620413)
c:\users\bill\source\repos\mazesover3.0\easybmp\easybmp.cpp(1210): warning C26481: Don't use pointer arithmetic. Use span instead. (bounds.1: http://go.microsoft.com/fwlink/p/?LinkID=620413)
c:\users\bill\source\repos\mazesover3.0\easybmp\easybmp.cpp(1212): warning C26481: Don't use pointer arithmetic. Use span instead. (bounds.1: http://go.microsoft.com/fwlink/p/?LinkID=620413)
c:\users\bill\source\repos\mazesover3.0\easybmp\easybmp.cpp(1213): warning C26481: Don't use pointer arithmetic. Use span instead. (bounds.1: http://go.microsoft.com/fwlink/p/?LinkID=620413)
c:\users\bill\source\repos\mazesover3.0\easybmp\easybmp.cpp(1214): warning C26481: Don't use pointer arithmetic. Use span instead. (bounds.1: http://go.microsoft.com/fwlink/p/?LinkID=620413)
c:\users\bill\source\repos\mazesover3.0\easybmp\easybmp.cpp(1216): warning C26481: Don't use pointer arithmetic. Use span instead. (bounds.1: http://go.microsoft.com/fwlink/p/?LinkID=620413)
c:\users\bill\source\repos\mazesover3.0\easybmp\easybmp.cpp(1217): warning C26481: Don't use pointer arithmetic. Use span instead. (bounds.1: http://go.microsoft.com/fwlink/p/?LinkID=620413)
c:\users\bill\source\repos\mazesover3.0\easybmp\easybmp.cpp(1218): warning C26481: Don't use pointer arithmetic. Use span instead. (bounds.1: http://go.microsoft.com/fwlink/p/?LinkID=620413)
c:\users\bill\source\repos\mazesover3.0\easybmp\easybmp.cpp(1220): warning C26481: Don't use pointer arithmetic. Use span instead. (bounds.1: http://go.microsoft.com/fwlink/p/?LinkID=620413)
c:\users\bill\source\repos\mazesover3.0\easybmp\easybmp.cpp(1221): warning C26481: Don't use pointer arithmetic. Use span instead. (bounds.1: http://go.microsoft.com/fwlink/p/?LinkID=620413)
c:\users\bill\source\repos\mazesover3.0\easybmp\easybmp.cpp(1222): warning C26481: Don't use pointer arithmetic. Use span instead. (bounds.1: http://go.microsoft.com/fwlink/p/?LinkID=620413)
c:\users\bill\source\repos\mazesover3.0\easybmp\easybmp.cpp(1224): warning C26481: Don't use pointer arithmetic. Use span instead. (bounds.1: http://go.microsoft.com/fwlink/p/?LinkID=620413)
c:\users\bill\source\repos\mazesover3.0\easybmp\easybmp.cpp(1225): warning C26481: Don't use pointer arithmetic. Use span instead. (bounds.1: http://go.microsoft.com/fwlink/p/?LinkID=620413)
c:\users\bill\source\repos\mazesover3.0\easybmp\easybmp.cpp(1226): warning C26481: Don't use pointer arithmetic. Use span instead. (bounds.1: http://go.microsoft.com/fwlink/p/?LinkID=620413)
c:\users\bill\source\repos\mazesover3.0\easybmp\easybmp.cpp(1228): warning C26481: Don't use pointer arithmetic. Use span instead. (bounds.1: http://go.microsoft.com/fwlink/p/?LinkID=620413)
c:\users\bill\source\repos\mazesover3.0\easybmp\easybmp.cpp(1229): warning C26481: Don't use pointer arithmetic. Use span instead. (bounds.1: http://go.microsoft.com/fwlink/p/?LinkID=620413)
c:\users\bill\source\repos\mazesover3.0\easybmp\easybmp.cpp(1230): warning C26481: Don't use pointer arithmetic. Use span instead. (bounds.1: http://go.microsoft.com/fwlink/p/?LinkID=620413)
c:\users\bill\source\repos\mazesover3.0\easybmp\easybmp.cpp(1239): warning C26494: Variable 'ItemsRead' is uninitialized. Always initialize an object. (type.5: http://go.microsoft.com/fwlink/p/?LinkID=620421)
c:\users\bill\source\repos\mazesover3.0\easybmp\easybmp.cpp(1243): warning C26493: Don't use C-style casts that would perform a static_cast downcast, const_cast, or reinterpret_cast. (type.4: http://go.microsoft.com/fwlink/p/?LinkID=620420)
c:\users\bill\source\repos\mazesover3.0\easybmp\easybmp.cpp(1251): warning C26493: Don't use C-style casts that would perform a static_cast downcast, const_cast, or reinterpret_cast. (type.4: http://go.microsoft.com/fwlink/p/?LinkID=620420)
c:\users\bill\source\repos\mazesover3.0\easybmp\easybmp.cpp(1252): warning C26493: Don't use C-style casts that would perform a static_cast downcast, const_cast, or reinterpret_cast. (type.4: http://go.microsoft.com/fwlink/p/?LinkID=620420)
c:\users\bill\source\repos\mazesover3.0\easybmp\easybmp.cpp(1260): warning C26493: Don't use C-style casts that would perform a static_cast downcast, const_cast, or reinterpret_cast. (type.4: http://go.microsoft.com/fwlink/p/?LinkID=620420)
c:\users\bill\source\repos\mazesover3.0\easybmp\easybmp.cpp(1268): warning C26493: Don't use C-style casts that would perform a static_cast downcast, const_cast, or reinterpret_cast. (type.4: http://go.microsoft.com/fwlink/p/?LinkID=620420)
c:\users\bill\source\repos\mazesover3.0\easybmp\easybmp.cpp(1290): warning C26493: Don't use C-style casts that would perform a static_cast downcast, const_cast, or reinterpret_cast. (type.4: http://go.microsoft.com/fwlink/p/?LinkID=620420)
c:\users\bill\source\repos\mazesover3.0\easybmp\easybmp.cpp(1291): warning C26493: Don't use C-style casts that would perform a static_cast downcast, const_cast, or reinterpret_cast. (type.4: http://go.microsoft.com/fwlink/p/?LinkID=620420)
c:\users\bill\source\repos\mazesover3.0\easybmp\easybmp.cpp(1292): warning C26493: Don't use C-style casts that would perform a static_cast downcast, const_cast, or reinterpret_cast. (type.4: http://go.microsoft.com/fwlink/p/?LinkID=620420)
c:\users\bill\source\repos\mazesover3.0\easybmp\easybmp.cpp(1293): warning C26493: Don't use C-style casts that would perform a static_cast downcast, const_cast, or reinterpret_cast. (type.4: http://go.microsoft.com/fwlink/p/?LinkID=620420)
c:\users\bill\source\repos\mazesover3.0\easybmp\easybmp.cpp(1294): warning C26493: Don't use C-style casts that would perform a static_cast downcast, const_cast, or reinterpret_cast. (type.4: http://go.microsoft.com/fwlink/p/?LinkID=620420)
c:\users\bill\source\repos\mazesover3.0\easybmp\easybmp.cpp(1324): warning C26494: Variable 'TempBYTE' is uninitialized. Always initialize an object. (type.5: http://go.microsoft.com/fwlink/p/?LinkID=620421)
c:\users\bill\source\repos\mazesover3.0\easybmp\easybmp.cpp(1327): warning C26493: Don't use C-style casts that would perform a static_cast downcast, const_cast, or reinterpret_cast. (type.4: http://go.microsoft.com/fwlink/p/?LinkID=620420)
c:\users\bill\source\repos\mazesover3.0\easybmp\easybmp.cpp(1332): warning C26493: Don't use C-style casts that would perform a static_cast downcast, const_cast, or reinterpret_cast. (type.4: http://go.microsoft.com/fwlink/p/?LinkID=620420)
c:\users\bill\source\repos\mazesover3.0\easybmp\easybmp.cpp(1333): warning C26493: Don't use C-style casts that would perform a static_cast downcast, const_cast, or reinterpret_cast. (type.4: http://go.microsoft.com/fwlink/p/?LinkID=620420)
c:\users\bill\source\repos\mazesover3.0\easybmp\easybmp.cpp(1334): warning C26493: Don't use C-style casts that would perform a static_cast downcast, const_cast, or reinterpret_cast. (type.4: http://go.microsoft.com/fwlink/p/?LinkID=620420)
c:\users\bill\source\repos\mazesover3.0\easybmp\easybmp.cpp(1335): warning C26493: Don't use C-style casts that would perform a static_cast downcast, const_cast, or reinterpret_cast. (type.4: http://go.microsoft.com/fwlink/p/?LinkID=620420)
c:\users\bill\source\repos\mazesover3.0\easybmp\easybmp.cpp(1337): warning C26493: Don't use C-style casts that would perform a static_cast downcast, const_cast, or reinterpret_cast. (type.4: http://go.microsoft.com/fwlink/p/?LinkID=620420)
c:\users\bill\source\repos\mazesover3.0\easybmp\easybmp.cpp(1338): warning C26493: Don't use C-style casts that would perform a static_cast downcast, const_cast, or reinterpret_cast. (type.4: http://go.microsoft.com/fwlink/p/?LinkID=620420)
c:\users\bill\source\repos\mazesover3.0\easybmp\easybmp.cpp(1339): warning C26493: Don't use C-style casts that would perform a static_cast downcast, const_cast, or reinterpret_cast. (type.4: http://go.microsoft.com/fwlink/p/?LinkID=620420)
c:\users\bill\source\repos\mazesover3.0\easybmp\easybmp.cpp(1340): warning C26493: Don't use C-style casts that would perform a static_cast downcast, const_cast, or reinterpret_cast. (type.4: http://go.microsoft.com/fwlink/p/?LinkID=620420)
c:\users\bill\source\repos\mazesover3.0\easybmp\easybmp.cpp(1342): warning C26493: Don't use C-style casts that would perform a static_cast downcast, const_cast, or reinterpret_cast. (type.4: http://go.microsoft.com/fwlink/p/?LinkID=620420)
c:\users\bill\source\repos\mazesover3.0\easybmp\easybmp.cpp(1343): warning C26493: Don't use C-style casts that would perform a static_cast downcast, const_cast, or reinterpret_cast. (type.4: http://go.microsoft.com/fwlink/p/?LinkID=620420)
c:\users\bill\source\repos\mazesover3.0\easybmp\easybmp.cpp(1344): warning C26493: Don't use C-style casts that would perform a static_cast downcast, const_cast, or reinterpret_cast. (type.4: http://go.microsoft.com/fwlink/p/?LinkID=620420)
c:\users\bill\source\repos\mazesover3.0\easybmp\easybmp.cpp(1402): warning C26496: Variable 'bmih' is assigned only once, mark it as const. (con.4: https://go.microsoft.com/fwlink/p/?LinkID=784969)
c:\users\bill\source\repos\mazesover3.0\easybmp\easybmp.cpp(1403): warning C26493: Don't use C-style casts that would perform a static_cast downcast, const_cast, or reinterpret_cast. (type.4: http://go.microsoft.com/fwlink/p/?LinkID=620420)
c:\users\bill\source\repos\mazesover3.0\easybmp\easybmp.cpp(1412): warning C26461: The reference argument 'Transparent' for function PixelToPixelCopyTransparent can be marked as const. (con.3: https://go.microsoft.com/fwlink/p/?LinkID=786684)
c:\users\bill\source\repos\mazesover3.0\easybmp\easybmp.cpp(1426): warning C26496: Variable 'Temp' is assigned only once, mark it as const. (con.4: https://go.microsoft.com/fwlink/p/?LinkID=784969)
c:\users\bill\source\repos\mazesover3.0\easybmp\easybmp.cpp(1453): warning C26494: Variable 'i' is uninitialized. Always initialize an object. (type.5: http://go.microsoft.com/fwlink/p/?LinkID=620421)
c:\users\bill\source\repos\mazesover3.0\easybmp\easybmp.cpp(1468): warning C26496: Variable 'Temp' is assigned only once, mark it as const. (con.4: https://go.microsoft.com/fwlink/p/?LinkID=784969)
c:\users\bill\source\repos\mazesover3.0\easybmp\easybmp.cpp(1495): warning C26494: Variable 'i' is uninitialized. Always initialize an object. (type.5: http://go.microsoft.com/fwlink/p/?LinkID=620421)
c:\users\bill\source\repos\mazesover3.0\easybmp\easybmp.cpp(1508): warning C26496: Variable 'BitDepth' is assigned only once, mark it as const. (con.4: https://go.microsoft.com/fwlink/p/?LinkID=784969)
c:\users\bill\source\repos\mazesover3.0\easybmp\easybmp.cpp(1519): warning C26494: Variable 'i' is uninitialized. Always initialize an object. (type.5: http://go.microsoft.com/fwlink/p/?LinkID=620421)
c:\users\bill\source\repos\mazesover3.0\easybmp\easybmp.cpp(1522): warning C26494: Variable 'StepSize' is uninitialized. Always initialize an object. (type.5: http://go.microsoft.com/fwlink/p/?LinkID=620421)
c:\users\bill\source\repos\mazesover3.0\easybmp\easybmp.cpp(1542): warning C26494: Variable 'i' is uninitialized. Always initialize an object. (type.5: http://go.microsoft.com/fwlink/p/?LinkID=620421)
c:\users\bill\source\repos\mazesover3.0\easybmp\easybmp.cpp(1547): warning C26493: Don't use C-style casts that would perform a static_cast downcast, const_cast, or reinterpret_cast. (type.4: http://go.microsoft.com/fwlink/p/?LinkID=620420)
c:\users\bill\source\repos\mazesover3.0\easybmp\easybmp.cpp(1547): warning C26481: Don't use pointer arithmetic. Use span instead. (bounds.1: http://go.microsoft.com/fwlink/p/?LinkID=620413)
c:\users\bill\source\repos\mazesover3.0\easybmp\easybmp.cpp(1553): warning C26494: Variable 'i' is uninitialized. Always initialize an object. (type.5: http://go.microsoft.com/fwlink/p/?LinkID=620421)
c:\users\bill\source\repos\mazesover3.0\easybmp\easybmp.cpp(1558): warning C26493: Don't use C-style casts that would perform a static_cast downcast, const_cast, or reinterpret_cast. (type.4: http://go.microsoft.com/fwlink/p/?LinkID=620420)
c:\users\bill\source\repos\mazesover3.0\easybmp\easybmp.cpp(1558): warning C26481: Don't use pointer arithmetic. Use span instead. (bounds.1: http://go.microsoft.com/fwlink/p/?LinkID=620413)
c:\users\bill\source\repos\mazesover3.0\easybmp\easybmp.cpp(1564): warning C26494: Variable 'i' is uninitialized. Always initialize an object. (type.5: http://go.microsoft.com/fwlink/p/?LinkID=620421)
c:\users\bill\source\repos\mazesover3.0\easybmp\easybmp.cpp(1569): warning C26481: Don't use pointer arithmetic. Use span instead. (bounds.1: http://go.microsoft.com/fwlink/p/?LinkID=620413)
c:\users\bill\source\repos\mazesover3.0\easybmp\easybmp.cpp(1577): warning C26496: Variable 'Masks' is assigned only once, mark it as const. (con.4: https://go.microsoft.com/fwlink/p/?LinkID=784969)
c:\users\bill\source\repos\mazesover3.0\easybmp\easybmp.cpp(1576): warning C26496: Variable 'Shifts' is assigned only once, mark it as const. (con.4: https://go.microsoft.com/fwlink/p/?LinkID=784969)
c:\users\bill\source\repos\mazesover3.0\easybmp\easybmp.cpp(1580): warning C26494: Variable 'j' is uninitialized. Always initialize an object. (type.5: http://go.microsoft.com/fwlink/p/?LinkID=620421)
c:\users\bill\source\repos\mazesover3.0\easybmp\easybmp.cpp(1588): warning C26493: Don't use C-style casts that would perform a static_cast downcast, const_cast, or reinterpret_cast. (type.4: http://go.microsoft.com/fwlink/p/?LinkID=620420)
c:\users\bill\source\repos\mazesover3.0\easybmp\easybmp.cpp(1588): warning C26481: Don't use pointer arithmetic. Use span instead. (bounds.1: http://go.microsoft.com/fwlink/p/?LinkID=620413)
c:\users\bill\source\repos\mazesover3.0\easybmp\easybmp.cpp(1588): warning C26482: Only index into arrays using constant expressions. (bounds.2: http://go.microsoft.com/fwlink/p/?LinkID=620414)
c:\users\bill\source\repos\mazesover3.0\easybmp\easybmp.cpp(1599): warning C26496: Variable 'Masks' is assigned only once, mark it as const. (con.4: https://go.microsoft.com/fwlink/p/?LinkID=784969)
c:\users\bill\source\repos\mazesover3.0\easybmp\easybmp.cpp(1598): warning C26496: Variable 'Shifts' is assigned only once, mark it as const. (con.4: https://go.microsoft.com/fwlink/p/?LinkID=784969)
c:\users\bill\source\repos\mazesover3.0\easybmp\easybmp.cpp(1602): warning C26494: Variable 'j' is uninitialized. Always initialize an object. (type.5: http://go.microsoft.com/fwlink/p/?LinkID=620421)
c:\users\bill\source\repos\mazesover3.0\easybmp\easybmp.cpp(1611): warning C26493: Don't use C-style casts that would perform a static_cast downcast, const_cast, or reinterpret_cast. (type.4: http://go.microsoft.com/fwlink/p/?LinkID=620420)
c:\users\bill\source\repos\mazesover3.0\easybmp\easybmp.cpp(1611): warning C26481: Don't use pointer arithmetic. Use span instead. (bounds.1: http://go.microsoft.com/fwlink/p/?LinkID=620413)
c:\users\bill\source\repos\mazesover3.0\easybmp\easybmp.cpp(1611): warning C26482: Only index into arrays using constant expressions. (bounds.2: http://go.microsoft.com/fwlink/p/?LinkID=620414)
c:\users\bill\source\repos\mazesover3.0\easybmp\easybmp.cpp(1622): warning C26494: Variable 'i' is uninitialized. Always initialize an object. (type.5: http://go.microsoft.com/fwlink/p/?LinkID=620421)
c:\users\bill\source\repos\mazesover3.0\easybmp\easybmp.cpp(1627): warning C26493: Don't use C-style casts that would perform a static_cast downcast, const_cast, or reinterpret_cast. (type.4: http://go.microsoft.com/fwlink/p/?LinkID=620420)
c:\users\bill\source\repos\mazesover3.0\easybmp\easybmp.cpp(1627): warning C26481: Don't use pointer arithmetic. Use span instead. (bounds.1: http://go.microsoft.com/fwlink/p/?LinkID=620413)
c:\users\bill\source\repos\mazesover3.0\easybmp\easybmp.cpp(1633): warning C26494: Variable 'i' is uninitialized. Always initialize an object. (type.5: http://go.microsoft.com/fwlink/p/?LinkID=620421)
c:\users\bill\source\repos\mazesover3.0\easybmp\easybmp.cpp(1638): warning C26493: Don't use C-style casts that would perform a static_cast downcast, const_cast, or reinterpret_cast. (type.4: http://go.microsoft.com/fwlink/p/?LinkID=620420)
c:\users\bill\source\repos\mazesover3.0\easybmp\easybmp.cpp(1638): warning C26481: Don't use pointer arithmetic. Use span instead. (bounds.1: http://go.microsoft.com/fwlink/p/?LinkID=620413)
c:\users\bill\source\repos\mazesover3.0\easybmp\easybmp.cpp(1644): warning C26494: Variable 'i' is uninitialized. Always initialize an object. (type.5: http://go.microsoft.com/fwlink/p/?LinkID=620421)
c:\users\bill\source\repos\mazesover3.0\easybmp\easybmp.cpp(1649): warning C26481: Don't use pointer arithmetic. Use span instead. (bounds.1: http://go.microsoft.com/fwlink/p/?LinkID=620413)
c:\users\bill\source\repos\mazesover3.0\easybmp\easybmp.cpp(1649): warning C26481: Don't use pointer arithmetic. Use span instead. (bounds.1: http://go.microsoft.com/fwlink/p/?LinkID=620413)
c:\users\bill\source\repos\mazesover3.0\easybmp\easybmp.cpp(1655): warning C26496: Variable 'PositionWeights' is assigned only once, mark it as const. (con.4: https://go.microsoft.com/fwlink/p/?LinkID=784969)
c:\users\bill\source\repos\mazesover3.0\easybmp\easybmp.cpp(1658): warning C26494: Variable 'j' is uninitialized. Always initialize an object. (type.5: http://go.microsoft.com/fwlink/p/?LinkID=620421)
c:\users\bill\source\repos\mazesover3.0\easybmp\easybmp.cpp(1667): warning C26493: Don't use C-style casts that would perform a static_cast downcast, const_cast, or reinterpret_cast. (type.4: http://go.microsoft.com/fwlink/p/?LinkID=620420)
c:\users\bill\source\repos\mazesover3.0\easybmp\easybmp.cpp(1671): warning C26493: Don't use C-style casts that would perform a static_cast downcast, const_cast, or reinterpret_cast. (type.4: http://go.microsoft.com/fwlink/p/?LinkID=620420)
c:\users\bill\source\repos\mazesover3.0\easybmp\easybmp.cpp(1667): warning C26481: Don't use pointer arithmetic. Use span instead. (bounds.1: http://go.microsoft.com/fwlink/p/?LinkID=620413)
c:\users\bill\source\repos\mazesover3.0\easybmp\easybmp.cpp(1667): warning C26482: Only index into arrays using constant expressions. (bounds.2: http://go.microsoft.com/fwlink/p/?LinkID=620414)
c:\users\bill\source\repos\mazesover3.0\easybmp\easybmp.cpp(1671): warning C26481: Don't use pointer arithmetic. Use span instead. (bounds.1: http://go.microsoft.com/fwlink/p/?LinkID=620413)
c:\users\bill\source\repos\mazesover3.0\easybmp\easybmp.cpp(1678): warning C26496: Variable 'PositionWeights' is assigned only once, mark it as const. (con.4: https://go.microsoft.com/fwlink/p/?LinkID=784969)
c:\users\bill\source\repos\mazesover3.0\easybmp\easybmp.cpp(1681): warning C26494: Variable 'j' is uninitialized. Always initialize an object. (type.5: http://go.microsoft.com/fwlink/p/?LinkID=620421)
c:\users\bill\source\repos\mazesover3.0\easybmp\easybmp.cpp(1690): warning C26493: Don't use C-style casts that would perform a static_cast downcast, const_cast, or reinterpret_cast. (type.4: http://go.microsoft.com/fwlink/p/?LinkID=620420)
c:\users\bill\source\repos\mazesover3.0\easybmp\easybmp.cpp(1694): warning C26493: Don't use C-style casts that would perform a static_cast downcast, const_cast, or reinterpret_cast. (type.4: http://go.microsoft.com/fwlink/p/?LinkID=620420)
c:\users\bill\source\repos\mazesover3.0\easybmp\easybmp.cpp(1690): warning C26481: Don't use pointer arithmetic. Use span instead. (bounds.1: http://go.microsoft.com/fwlink/p/?LinkID=620413)
c:\users\bill\source\repos\mazesover3.0\easybmp\easybmp.cpp(1690): warning C26482: Only index into arrays using constant expressions. (bounds.2: http://go.microsoft.com/fwlink/p/?LinkID=620414)
c:\users\bill\source\repos\mazesover3.0\easybmp\easybmp.cpp(1694): warning C26481: Don't use pointer arithmetic. Use span instead. (bounds.1: http://go.microsoft.com/fwlink/p/?LinkID=620413)
c:\users\bill\source\repos\mazesover3.0\easybmp\easybmp.cpp(1710): warning C26496: Variable 'TempMatch' is assigned only once, mark it as const. (con.4: https://go.microsoft.com/fwlink/p/?LinkID=784969)
c:\users\bill\source\repos\mazesover3.0\easybmp\easybmp.cpp(1704): warning C26496: Variable 'NumberOfColors' is assigned only once, mark it as const. (con.4: https://go.microsoft.com/fwlink/p/?LinkID=784969)
c:\users\bill\source\repos\mazesover3.0\easybmp\easybmp.cpp(1700): warning C26461: The reference argument 'input' for function BMP::FindClosestColor can be marked as const. (con.3: https://go.microsoft.com/fwlink/p/?LinkID=786684)
c:\users\bill\source\repos\mazesover3.0\easybmp\easybmp.cpp(1710): warning C26493: Don't use C-style casts that would perform a static_cast downcast, const_cast, or reinterpret_cast. (type.4: http://go.microsoft.com/fwlink/p/?LinkID=620420)
c:\users\bill\source\repos\mazesover3.0\easybmp\easybmp.cpp(1711): warning C26493: Don't use C-style casts that would perform a static_cast downcast, const_cast, or reinterpret_cast. (type.4: http://go.microsoft.com/fwlink/p/?LinkID=620420)
c:\users\bill\source\repos\mazesover3.0\easybmp\easybmp.cpp(1712): warning C26493: Don't use C-style casts that would perform a static_cast downcast, const_cast, or reinterpret_cast. (type.4: http://go.microsoft.com/fwlink/p/?LinkID=620420)
c:\users\bill\source\repos\mazesover3.0\easybmp\easybmp.cpp(1714): warning C26493: Don't use C-style casts that would perform a static_cast downcast, const_cast, or reinterpret_cast. (type.4: http://go.microsoft.com/fwlink/p/?LinkID=620420)
c:\users\bill\source\repos\mazesover3.0\easybmp\easybmp.cpp(1790): warning C26496: Variable 'percent' is assigned only once, mark it as const. (con.4: https://go.microsoft.com/fwlink/p/?LinkID=784969)
c:\users\bill\source\repos\mazesover3.0\easybmp\easybmp.cpp(1795): warning C26496: Variable 'percent' is assigned only once, mark it as const. (con.4: https://go.microsoft.com/fwlink/p/?LinkID=784969)
c:\users\bill\source\repos\mazesover3.0\easybmp\easybmp.cpp(1778): warning C26493: Don't use C-style casts that would perform a static_cast downcast, const_cast, or reinterpret_cast. (type.4: http://go.microsoft.com/fwlink/p/?LinkID=620420)
c:\users\bill\source\repos\mazesover3.0\easybmp\easybmp.cpp(1779): warning C26493: Don't use C-style casts that would perform a static_cast downcast, const_cast, or reinterpret_cast. (type.4: http://go.microsoft.com/fwlink/p/?LinkID=620420)
c:\users\bill\source\repos\mazesover3.0\easybmp\easybmp.cpp(1790): warning C26493: Don't use C-style casts that would perform a static_cast downcast, const_cast, or reinterpret_cast. (type.4: http://go.microsoft.com/fwlink/p/?LinkID=620420)
c:\users\bill\source\repos\mazesover3.0\easybmp\easybmp.cpp(1792): warning C26493: Don't use C-style casts that would perform a static_cast downcast, const_cast, or reinterpret_cast. (type.4: http://go.microsoft.com/fwlink/p/?LinkID=620420)
c:\users\bill\source\repos\mazesover3.0\easybmp\easybmp.cpp(1795): warning C26493: Don't use C-style casts that would perform a static_cast downcast, const_cast, or reinterpret_cast. (type.4: http://go.microsoft.com/fwlink/p/?LinkID=620420)
c:\users\bill\source\repos\mazesover3.0\easybmp\easybmp.cpp(1797): warning C26493: Don't use C-style casts that would perform a static_cast downcast, const_cast, or reinterpret_cast. (type.4: http://go.microsoft.com/fwlink/p/?LinkID=620420)
c:\users\bill\source\repos\mazesover3.0\easybmp\easybmp.cpp(1811): warning C26494: Variable 'ThetaJ' is uninitialized. Always initialize an object. (type.5: http://go.microsoft.com/fwlink/p/?LinkID=620421)
c:\users\bill\source\repos\mazesover3.0\easybmp\easybmp.cpp(1810): warning C26494: Variable 'J' is uninitialized. Always initialize an object. (type.5: http://go.microsoft.com/fwlink/p/?LinkID=620421)
c:\users\bill\source\repos\mazesover3.0\easybmp\easybmp.cpp(1810): warning C26494: Variable 'I' is uninitialized. Always initialize an object. (type.5: http://go.microsoft.com/fwlink/p/?LinkID=620421)
c:\users\bill\source\repos\mazesover3.0\easybmp\easybmp.cpp(1811): warning C26494: Variable 'ThetaI' is uninitialized. Always initialize an object. (type.5: http://go.microsoft.com/fwlink/p/?LinkID=620421)
c:\users\bill\source\repos\mazesover3.0\easybmp\easybmp.cpp(1814): warning C26493: Don't use C-style casts that would perform a static_cast downcast, const_cast, or reinterpret_cast. (type.4: http://go.microsoft.com/fwlink/p/?LinkID=620420)
c:\users\bill\source\repos\mazesover3.0\easybmp\easybmp.cpp(1815): warning C26493: Don't use C-style casts that would perform a static_cast downcast, const_cast, or reinterpret_cast. (type.4: http://go.microsoft.com/fwlink/p/?LinkID=620420)
c:\users\bill\source\repos\mazesover3.0\easybmp\easybmp.cpp(1819): warning C26493: Don't use C-style casts that would perform a static_cast downcast, const_cast, or reinterpret_cast. (type.4: http://go.microsoft.com/fwlink/p/?LinkID=620420)
c:\users\bill\source\repos\mazesover3.0\easybmp\easybmp.cpp(1820): warning C26493: Don't use C-style casts that would perform a static_cast downcast, const_cast, or reinterpret_cast. (type.4: http://go.microsoft.com/fwlink/p/?LinkID=620420)
c:\users\bill\source\repos\mazesover3.0\easybmp\easybmp.cpp(1823): warning C26493: Don't use C-style casts that would perform a static_cast downcast, const_cast, or reinterpret_cast. (type.4: http://go.microsoft.com/fwlink/p/?LinkID=620420)
c:\users\bill\source\repos\mazesover3.0\easybmp\easybmp.cpp(1828): warning C26493: Don't use C-style casts that would perform a static_cast downcast, const_cast, or reinterpret_cast. (type.4: http://go.microsoft.com/fwlink/p/?LinkID=620420)
c:\users\bill\source\repos\mazesover3.0\easybmp\easybmp.cpp(1833): warning C26493: Don't use C-style casts that would perform a static_cast downcast, const_cast, or reinterpret_cast. (type.4: http://go.microsoft.com/fwlink/p/?LinkID=620420)
c:\users\bill\source\repos\mazesover3.0\easybmp\easybmp.cpp(1839): warning C26493: Don't use C-style casts that would perform a static_cast downcast, const_cast, or reinterpret_cast. (type.4: http://go.microsoft.com/fwlink/p/?LinkID=620420)
c:\users\bill\source\repos\mazesover3.0\easybmp\easybmp.cpp(1842): warning C26493: Don't use C-style casts that would perform a static_cast downcast, const_cast, or reinterpret_cast. (type.4: http://go.microsoft.com/fwlink/p/?LinkID=620420)
c:\users\bill\source\repos\mazesover3.0\easybmp\easybmp.cpp(1845): warning C26493: Don't use C-style casts that would perform a static_cast downcast, const_cast, or reinterpret_cast. (type.4: http://go.microsoft.com/fwlink/p/?LinkID=620420)
c:\users\bill\source\repos\mazesover3.0\easybmp\easybmp.cpp(1851): warning C26493: Don't use C-style casts that would perform a static_cast downcast, const_cast, or reinterpret_cast. (type.4: http://go.microsoft.com/fwlink/p/?LinkID=620420)
c:\users\bill\source\repos\mazesover3.0\easybmp\easybmp.cpp(1852): warning C26493: Don't use C-style casts that would perform a static_cast downcast, const_cast, or reinterpret_cast. (type.4: http://go.microsoft.com/fwlink/p/?LinkID=620420)
c:\users\bill\source\repos\mazesover3.0\easybmp\easybmp.cpp(1854): warning C26493: Don't use C-style casts that would perform a static_cast downcast, const_cast, or reinterpret_cast. (type.4: http://go.microsoft.com/fwlink/p/?LinkID=620420)
c:\users\bill\source\repos\mazesover3.0\easybmp\easybmp.cpp(1857): warning C26493: Don't use C-style casts that would perform a static_cast downcast, const_cast, or reinterpret_cast. (type.4: http://go.microsoft.com/fwlink/p/?LinkID=620420)
c:\users\bill\source\repos\mazesover3.0\easybmp\easybmp.cpp(1860): warning C26493: Don't use C-style casts that would perform a static_cast downcast, const_cast, or reinterpret_cast. (type.4: http://go.microsoft.com/fwlink/p/?LinkID=620420)
c:\users\bill\source\repos\mazesover3.0\easybmp\easybmp.cpp(1764): warning C26485: Expression 'ErrorMessage': No array to pointer decay. (bounds.3: http://go.microsoft.com/fwlink/p/?LinkID=620415)
c:\users\bill\source\repos\mazesover3.0\easybmp\easybmp.cpp(1766): warning C26485: Expression 'ErrorMessage': No array to pointer decay. (bounds.3: http://go.microsoft.com/fwlink/p/?LinkID=620415)
c:\users\bill\source\repos\mazesover3.0\main.cpp(8): warning C26481: Don't use pointer arithmetic. Use span instead. (bounds.1: http://go.microsoft.com/fwlink/p/?LinkID=620413)
c:\users\bill\source\repos\mazesover3.0\main.cpp(13): warning C26481: Don't use pointer arithmetic. Use span instead. (bounds.1: http://go.microsoft.com/fwlink/p/?LinkID=620413)
c:\users\bill\source\repos\mazesover3.0\main.cpp(5): warning C26496: Variable 'start' is assigned only once, mark it as const. (con.4: https://go.microsoft.com/fwlink/p/?LinkID=784969)
c:\users\bill\source\repos\mazesover3.0\node.h(28): warning C26493: Don't use C-style casts that would perform a static_cast downcast, const_cast, or reinterpret_cast. (type.4: http://go.microsoft.com/fwlink/p/?LinkID=620420)
c:\users\bill\source\repos\mazesover3.0\node.h(29): warning C26493: Don't use C-style casts that would perform a static_cast downcast, const_cast, or reinterpret_cast. (type.4: http://go.microsoft.com/fwlink/p/?LinkID=620420)
c:\users\bill\source\repos\mazesover3.0\solver.cpp(23): warning C26493: Don't use C-style casts that would perform a static_cast downcast, const_cast, or reinterpret_cast. (type.4: http://go.microsoft.com/fwlink/p/?LinkID=620420)
c:\users\bill\source\repos\mazesover3.0\solver.cpp(182): warning C26496: Variable 'distance' is assigned only once, mark it as const. (con.4: https://go.microsoft.com/fwlink/p/?LinkID=784969)
c:\users\bill\source\repos\mazesover3.0\solver.cpp(217): warning C26496: Variable 'foundEnd' is assigned only once, mark it as const. (con.4: https://go.microsoft.com/fwlink/p/?LinkID=784969)
c:\users\bill\source\repos\mazesover3.0\solver.h(28): warning C26493: Don't use C-style casts that would perform a static_cast downcast, const_cast, or reinterpret_cast. (type.4: http://go.microsoft.com/fwlink/p/?LinkID=620420)
c:\users\bill\source\repos\mazesover3.0\solver.h(29): warning C26493: Don't use C-style casts that would perform a static_cast downcast, const_cast, or reinterpret_cast. (type.4: http://go.microsoft.com/fwlink/p/?LinkID=620420)
